2026-04-24 16:54:49 - LOGIN alice pass → SUCCESS 1
2026-04-24 16:54:49 - BOOK 1 Hilton 2026-05-01 → SUCCESS Booking created
2026-04-24 16:54:49 - GET_BOOKINGS 1 → Booking [userId=1, hotel=Hilton, date=2026-05-01]
Booking [userId=1, hotel=Hilton, date=2026-05-01]
Booking [userId=1, hotel=Hilton, date=2026-05-01]
Booking [userId=1, hotel=Hilton, date=2026-05-01]
Booking [userId=1, hotel=Hilton, date=2026-05-01]
Booking [userId=1, hotel=Hilton, date=2026-05-01]

2026-04-24 16:54:49 - LOGIN wrong wrong → ERROR Invalid credentials
2026-04-24 16:54:49 - REGISTER newuser pass123 → ERROR Username already exists
2026-04-24 17:10:01 - LOGIN alice pass → SUCCESS 1
2026-04-24 17:10:01 - BOOK 1 Hilton 2026-05-01 → SUCCESS Booking created
2026-04-24 17:10:01 - GET_BOOKINGS 1 → Booking [userId=1, hotel=Hilton, date=2026-05-01]
Booking [userId=1, hotel=Hilton, date=2026-05-01]
Booking [userId=1, hotel=Hilton, date=2026-05-01]
Booking [userId=1, hotel=Hilton, date=2026-05-01]
Booking [userId=1, hotel=Hilton, date=2026-05-01]
Booking [userId=1, hotel=Hilton, date=2026-05-01]
Booking [userId=1, hotel=Hilton, date=2026-05-01]

2026-04-24 17:10:01 - LOGIN wrong wrong → ERROR Invalid credentials
2026-04-24 17:10:01 - REGISTER newuser pass123 → ERROR Username already exists
2026-04-24 17:47:10 - LOGIN alice pass → SUCCESS 1
2026-04-24 18:02:43 - LOGIN alice pass → SUCCESS 1
2026-04-24 18:02:43 - BOOK 1 Hilton 2026-05-01 → SUCCESS Booking created
2026-04-24 18:02:43 - GET_BOOKINGS 1 → Booking [userId=1, hotel=Hilton, date=2026-05-01]
Booking [userId=1, hotel=Hilton, date=2026-05-01]
Booking [userId=1, hotel=Hilton, date=2026-05-01]
Booking [userId=1, hotel=Hilton, date=2026-05-01]
Booking [userId=1, hotel=Hilton, date=2026-05-01]
Booking [userId=1, hotel=Hilton, date=2026-05-01]
Booking [userId=1, hotel=Hilton, date=2026-05-01]
Booking [userId=1, hotel=Hilton, date=2026-05-01]

2026-04-24 18:02:43 - LOGIN wrong wrong → ERROR Invalid credentials
2026-04-24 18:02:43 - REGISTER newuser pass123 → ERROR Username already exists
2026-04-24 18:10:18 - LOGIN alice pass → SUCCESS 1
2026-04-24 18:10:39 - BOOK 1 Almaty 2026-04-18 → SUCCESS Booking created
2026-04-24 18:10:43 - GET_BOOKINGS 1 → Booking [userId=1, hotel=Hilton, date=2026-05-01]
Booking [userId=1, hotel=Hilton, date=2026-05-01]
Booking [userId=1, hotel=Hilton, date=2026-05-01]
Booking [userId=1, hotel=Hilton, date=2026-05-01]
Booking [userId=1, hotel=Hilton, date=2026-05-01]
Booking [userId=1, hotel=Hilton, date=2026-05-01]
Booking [userId=1, hotel=Hilton, date=2026-05-01]
Booking [userId=1, hotel=Hilton, date=2026-05-01]
Booking [userId=1, hotel=Almaty, date=2026-04-18]

2026-04-24 18:10:55 - GET_BOOKINGS 1 → Booking [userId=1, hotel=Hilton, date=2026-05-01]
Booking [userId=1, hotel=Hilton, date=2026-05-01]
Booking [userId=1, hotel=Hilton, date=2026-05-01]
Booking [userId=1, hotel=Hilton, date=2026-05-01]
Booking [userId=1, hotel=Hilton, date=2026-05-01]
Booking [userId=1, hotel=Hilton, date=2026-05-01]
Booking [userId=1, hotel=Hilton, date=2026-05-01]
Booking [userId=1, hotel=Hilton, date=2026-05-01]
Booking [userId=1, hotel=Almaty, date=2026-04-18]

2026-04-24 18:10:56 - GET_BOOKINGS 1 → Booking [userId=1, hotel=Hilton, date=2026-05-01]
Booking [userId=1, hotel=Hilton, date=2026-05-01]
Booking [userId=1, hotel=Hilton, date=2026-05-01]
Booking [userId=1, hotel=Hilton, date=2026-05-01]
Booking [userId=1, hotel=Hilton, date=2026-05-01]
Booking [userId=1, hotel=Hilton, date=2026-05-01]
Booking [userId=1, hotel=Hilton, date=2026-05-01]
Booking [userId=1, hotel=Hilton, date=2026-05-01]
Booking [userId=1, hotel=Almaty, date=2026-04-18]

2026-04-24 18:10:57 - GET_BOOKINGS 1 → Booking [userId=1, hotel=Hilton, date=2026-05-01]
Booking [userId=1, hotel=Hilton, date=2026-05-01]
Booking [userId=1, hotel=Hilton, date=2026-05-01]
Booking [userId=1, hotel=Hilton, date=2026-05-01]
Booking [userId=1, hotel=Hilton, date=2026-05-01]
Booking [userId=1, hotel=Hilton, date=2026-05-01]
Booking [userId=1, hotel=Hilton, date=2026-05-01]
Booking [userId=1, hotel=Hilton, date=2026-05-01]
Booking [userId=1, hotel=Almaty, date=2026-04-18]

2026-04-24 18:11:02 - BOOK 1   → ERROR Usage: BOOK userId hotel date
2026-04-24 18:11:15 - BOOK 1 Almaty 2026-04-18 → SUCCESS Booking created
2026-04-24 18:11:18 - GET_BOOKINGS 1 → Booking [userId=1, hotel=Hilton, date=2026-05-01]
Booking [userId=1, hotel=Hilton, date=2026-05-01]
Booking [userId=1, hotel=Hilton, date=2026-05-01]
Booking [userId=1, hotel=Hilton, date=2026-05-01]
Booking [userId=1, hotel=Hilton, date=2026-05-01]
Booking [userId=1, hotel=Hilton, date=2026-05-01]
Booking [userId=1, hotel=Hilton, date=2026-05-01]
Booking [userId=1, hotel=Hilton, date=2026-05-01]
Booking [userId=1, hotel=Almaty, date=2026-04-18]
Booking [userId=1, hotel=Almaty, date=2026-04-18]

2026-04-24 18:12:01 - BOOK 1 Almaty 2026-04-18 → SUCCESS Booking created
2026-04-24 18:12:53 - GET_BOOKINGS 1 → Booking [userId=1, hotel=Hilton, date=2026-05-01]
Booking [userId=1, hotel=Hilton, date=2026-05-01]
Booking [userId=1, hotel=Hilton, date=2026-05-01]
Booking [userId=1, hotel=Hilton, date=2026-05-01]
Booking [userId=1, hotel=Hilton, date=2026-05-01]
Booking [userId=1, hotel=Hilton, date=2026-05-01]
Booking [userId=1, hotel=Hilton, date=2026-05-01]
Booking [userId=1, hotel=Hilton, date=2026-05-01]
Booking [userId=1, hotel=Almaty, date=2026-04-18]
Booking [userId=1, hotel=Almaty, date=2026-04-18]
Booking [userId=1, hotel=Almaty, date=2026-04-18]

2026-04-24 18:13:36 - GET_BOOKINGS 1 → Booking [userId=1, hotel=Hilton, date=2026-05-01]
Booking [userId=1, hotel=Hilton, date=2026-05-01]
Booking [userId=1, hotel=Hilton, date=2026-05-01]
Booking [userId=1, hotel=Hilton, date=2026-05-01]
Booking [userId=1, hotel=Hilton, date=2026-05-01]
Booking [userId=1, hotel=Hilton, date=2026-05-01]
Booking [userId=1, hotel=Hilton, date=2026-05-01]
Booking [userId=1, hotel=Hilton, date=2026-05-01]
Booking [userId=1, hotel=Almaty, date=2026-04-18]
Booking [userId=1, hotel=Almaty, date=2026-04-18]
Booking [userId=1, hotel=Almaty, date=2026-04-18]

2026-04-24 18:13:36 - GET_BOOKINGS 1 → Booking [userId=1, hotel=Hilton, date=2026-05-01]
Booking [userId=1, hotel=Hilton, date=2026-05-01]
Booking [userId=1, hotel=Hilton, date=2026-05-01]
Booking [userId=1, hotel=Hilton, date=2026-05-01]
Booking [userId=1, hotel=Hilton, date=2026-05-01]
Booking [userId=1, hotel=Hilton, date=2026-05-01]
Booking [userId=1, hotel=Hilton, date=2026-05-01]
Booking [userId=1, hotel=Hilton, date=2026-05-01]
Booking [userId=1, hotel=Almaty, date=2026-04-18]
Booking [userId=1, hotel=Almaty, date=2026-04-18]
Booking [userId=1, hotel=Almaty, date=2026-04-18]

2026-04-24 18:14:26 - GET_BOOKINGS 1 → Booking [userId=1, hotel=Hilton, date=2026-05-01]
Booking [userId=1, hotel=Hilton, date=2026-05-01]
Booking [userId=1, hotel=Hilton, date=2026-05-01]
Booking [userId=1, hotel=Hilton, date=2026-05-01]
Booking [userId=1, hotel=Hilton, date=2026-05-01]
Booking [userId=1, hotel=Hilton, date=2026-05-01]
Booking [userId=1, hotel=Hilton, date=2026-05-01]
Booking [userId=1, hotel=Hilton, date=2026-05-01]
Booking [userId=1, hotel=Almaty, date=2026-04-18]
Booking [userId=1, hotel=Almaty, date=2026-04-18]
Booking [userId=1, hotel=Almaty, date=2026-04-18]

2026-04-24 18:14:26 - GET_BOOKINGS 1 → Booking [userId=1, hotel=Hilton, date=2026-05-01]
Booking [userId=1, hotel=Hilton, date=2026-05-01]
Booking [userId=1, hotel=Hilton, date=2026-05-01]
Booking [userId=1, hotel=Hilton, date=2026-05-01]
Booking [userId=1, hotel=Hilton, date=2026-05-01]
Booking [userId=1, hotel=Hilton, date=2026-05-01]
Booking [userId=1, hotel=Hilton, date=2026-05-01]
Booking [userId=1, hotel=Hilton, date=2026-05-01]
Booking [userId=1, hotel=Almaty, date=2026-04-18]
Booking [userId=1, hotel=Almaty, date=2026-04-18]
Booking [userId=1, hotel=Almaty, date=2026-04-18]

2026-04-24 18:14:26 - GET_BOOKINGS 1 → Booking [userId=1, hotel=Hilton, date=2026-05-01]
Booking [userId=1, hotel=Hilton, date=2026-05-01]
Booking [userId=1, hotel=Hilton, date=2026-05-01]
Booking [userId=1, hotel=Hilton, date=2026-05-01]
Booking [userId=1, hotel=Hilton, date=2026-05-01]
Booking [userId=1, hotel=Hilton, date=2026-05-01]
Booking [userId=1, hotel=Hilton, date=2026-05-01]
Booking [userId=1, hotel=Hilton, date=2026-05-01]
Booking [userId=1, hotel=Almaty, date=2026-04-18]
Booking [userId=1, hotel=Almaty, date=2026-04-18]
Booking [userId=1, hotel=Almaty, date=2026-04-18]

2026-04-24 18:14:26 - GET_BOOKINGS 1 → Booking [userId=1, hotel=Hilton, date=2026-05-01]
Booking [userId=1, hotel=Hilton, date=2026-05-01]
Booking [userId=1, hotel=Hilton, date=2026-05-01]
Booking [userId=1, hotel=Hilton, date=2026-05-01]
Booking [userId=1, hotel=Hilton, date=2026-05-01]
Booking [userId=1, hotel=Hilton, date=2026-05-01]
Booking [userId=1, hotel=Hilton, date=2026-05-01]
Booking [userId=1, hotel=Hilton, date=2026-05-01]
Booking [userId=1, hotel=Almaty, date=2026-04-18]
Booking [userId=1, hotel=Almaty, date=2026-04-18]
Booking [userId=1, hotel=Almaty, date=2026-04-18]

2026-04-24 18:14:26 - GET_BOOKINGS 1 → Booking [userId=1, hotel=Hilton, date=2026-05-01]
Booking [userId=1, hotel=Hilton, date=2026-05-01]
Booking [userId=1, hotel=Hilton, date=2026-05-01]
Booking [userId=1, hotel=Hilton, date=2026-05-01]
Booking [userId=1, hotel=Hilton, date=2026-05-01]
Booking [userId=1, hotel=Hilton, date=2026-05-01]
Booking [userId=1, hotel=Hilton, date=2026-05-01]
Booking [userId=1, hotel=Hilton, date=2026-05-01]
Booking [userId=1, hotel=Almaty, date=2026-04-18]
Booking [userId=1, hotel=Almaty, date=2026-04-18]
Booking [userId=1, hotel=Almaty, date=2026-04-18]

2026-04-24 18:14:27 - GET_BOOKINGS 1 → Booking [userId=1, hotel=Hilton, date=2026-05-01]
Booking [userId=1, hotel=Hilton, date=2026-05-01]
Booking [userId=1, hotel=Hilton, date=2026-05-01]
Booking [userId=1, hotel=Hilton, date=2026-05-01]
Booking [userId=1, hotel=Hilton, date=2026-05-01]
Booking [userId=1, hotel=Hilton, date=2026-05-01]
Booking [userId=1, hotel=Hilton, date=2026-05-01]
Booking [userId=1, hotel=Hilton, date=2026-05-01]
Booking [userId=1, hotel=Almaty, date=2026-04-18]
Booking [userId=1, hotel=Almaty, date=2026-04-18]
Booking [userId=1, hotel=Almaty, date=2026-04-18]

2026-04-24 18:14:27 - GET_BOOKINGS 1 → Booking [userId=1, hotel=Hilton, date=2026-05-01]
Booking [userId=1, hotel=Hilton, date=2026-05-01]
Booking [userId=1, hotel=Hilton, date=2026-05-01]
Booking [userId=1, hotel=Hilton, date=2026-05-01]
Booking [userId=1, hotel=Hilton, date=2026-05-01]
Booking [userId=1, hotel=Hilton, date=2026-05-01]
Booking [userId=1, hotel=Hilton, date=2026-05-01]
Booking [userId=1, hotel=Hilton, date=2026-05-01]
Booking [userId=1, hotel=Almaty, date=2026-04-18]
Booking [userId=1, hotel=Almaty, date=2026-04-18]
Booking [userId=1, hotel=Almaty, date=2026-04-18]

2026-04-24 18:14:27 - GET_BOOKINGS 1 → Booking [userId=1, hotel=Hilton, date=2026-05-01]
Booking [userId=1, hotel=Hilton, date=2026-05-01]
Booking [userId=1, hotel=Hilton, date=2026-05-01]
Booking [userId=1, hotel=Hilton, date=2026-05-01]
Booking [userId=1, hotel=Hilton, date=2026-05-01]
Booking [userId=1, hotel=Hilton, date=2026-05-01]
Booking [userId=1, hotel=Hilton, date=2026-05-01]
Booking [userId=1, hotel=Hilton, date=2026-05-01]
Booking [userId=1, hotel=Almaty, date=2026-04-18]
Booking [userId=1, hotel=Almaty, date=2026-04-18]
Booking [userId=1, hotel=Almaty, date=2026-04-18]

2026-04-24 18:14:27 - GET_BOOKINGS 1 → Booking [userId=1, hotel=Hilton, date=2026-05-01]
Booking [userId=1, hotel=Hilton, date=2026-05-01]
Booking [userId=1, hotel=Hilton, date=2026-05-01]
Booking [userId=1, hotel=Hilton, date=2026-05-01]
Booking [userId=1, hotel=Hilton, date=2026-05-01]
Booking [userId=1, hotel=Hilton, date=2026-05-01]
Booking [userId=1, hotel=Hilton, date=2026-05-01]
Booking [userId=1, hotel=Hilton, date=2026-05-01]
Booking [userId=1, hotel=Almaty, date=2026-04-18]
Booking [userId=1, hotel=Almaty, date=2026-04-18]
Booking [userId=1, hotel=Almaty, date=2026-04-18]

2026-04-24 18:14:28 - GET_BOOKINGS 1 → Booking [userId=1, hotel=Hilton, date=2026-05-01]
Booking [userId=1, hotel=Hilton, date=2026-05-01]
Booking [userId=1, hotel=Hilton, date=2026-05-01]
Booking [userId=1, hotel=Hilton, date=2026-05-01]
Booking [userId=1, hotel=Hilton, date=2026-05-01]
Booking [userId=1, hotel=Hilton, date=2026-05-01]
Booking [userId=1, hotel=Hilton, date=2026-05-01]
Booking [userId=1, hotel=Hilton, date=2026-05-01]
Booking [userId=1, hotel=Almaty, date=2026-04-18]
Booking [userId=1, hotel=Almaty, date=2026-04-18]
Booking [userId=1, hotel=Almaty, date=2026-04-18]

2026-04-24 18:14:28 - GET_BOOKINGS 1 → Booking [userId=1, hotel=Hilton, date=2026-05-01]
Booking [userId=1, hotel=Hilton, date=2026-05-01]
Booking [userId=1, hotel=Hilton, date=2026-05-01]
Booking [userId=1, hotel=Hilton, date=2026-05-01]
Booking [userId=1, hotel=Hilton, date=2026-05-01]
Booking [userId=1, hotel=Hilton, date=2026-05-01]
Booking [userId=1, hotel=Hilton, date=2026-05-01]
Booking [userId=1, hotel=Hilton, date=2026-05-01]
Booking [userId=1, hotel=Almaty, date=2026-04-18]
Booking [userId=1, hotel=Almaty, date=2026-04-18]
Booking [userId=1, hotel=Almaty, date=2026-04-18]

2026-04-24 18:14:29 - GET_BOOKINGS 1 → Booking [userId=1, hotel=Hilton, date=2026-05-01]
Booking [userId=1, hotel=Hilton, date=2026-05-01]
Booking [userId=1, hotel=Hilton, date=2026-05-01]
Booking [userId=1, hotel=Hilton, date=2026-05-01]
Booking [userId=1, hotel=Hilton, date=2026-05-01]
Booking [userId=1, hotel=Hilton, date=2026-05-01]
Booking [userId=1, hotel=Hilton, date=2026-05-01]
Booking [userId=1, hotel=Hilton, date=2026-05-01]
Booking [userId=1, hotel=Almaty, date=2026-04-18]
Booking [userId=1, hotel=Almaty, date=2026-04-18]
Booking [userId=1, hotel=Almaty, date=2026-04-18]

2026-04-24 18:14:29 - GET_BOOKINGS 1 → Booking [userId=1, hotel=Hilton, date=2026-05-01]
Booking [userId=1, hotel=Hilton, date=2026-05-01]
Booking [userId=1, hotel=Hilton, date=2026-05-01]
Booking [userId=1, hotel=Hilton, date=2026-05-01]
Booking [userId=1, hotel=Hilton, date=2026-05-01]
Booking [userId=1, hotel=Hilton, date=2026-05-01]
Booking [userId=1, hotel=Hilton, date=2026-05-01]
Booking [userId=1, hotel=Hilton, date=2026-05-01]
Booking [userId=1, hotel=Almaty, date=2026-04-18]
Booking [userId=1, hotel=Almaty, date=2026-04-18]
Booking [userId=1, hotel=Almaty, date=2026-04-18]

2026-04-24 18:14:29 - GET_BOOKINGS 1 → Booking [userId=1, hotel=Hilton, date=2026-05-01]
Booking [userId=1, hotel=Hilton, date=2026-05-01]
Booking [userId=1, hotel=Hilton, date=2026-05-01]
Booking [userId=1, hotel=Hilton, date=2026-05-01]
Booking [userId=1, hotel=Hilton, date=2026-05-01]
Booking [userId=1, hotel=Hilton, date=2026-05-01]
Booking [userId=1, hotel=Hilton, date=2026-05-01]
Booking [userId=1, hotel=Hilton, date=2026-05-01]
Booking [userId=1, hotel=Almaty, date=2026-04-18]
Booking [userId=1, hotel=Almaty, date=2026-04-18]
Booking [userId=1, hotel=Almaty, date=2026-04-18]

2026-04-24 18:14:29 - GET_BOOKINGS 1 → Booking [userId=1, hotel=Hilton, date=2026-05-01]
Booking [userId=1, hotel=Hilton, date=2026-05-01]
Booking [userId=1, hotel=Hilton, date=2026-05-01]
Booking [userId=1, hotel=Hilton, date=2026-05-01]
Booking [userId=1, hotel=Hilton, date=2026-05-01]
Booking [userId=1, hotel=Hilton, date=2026-05-01]
Booking [userId=1, hotel=Hilton, date=2026-05-01]
Booking [userId=1, hotel=Hilton, date=2026-05-01]
Booking [userId=1, hotel=Almaty, date=2026-04-18]
Booking [userId=1, hotel=Almaty, date=2026-04-18]
Booking [userId=1, hotel=Almaty, date=2026-04-18]

2026-04-24 18:14:29 - GET_BOOKINGS 1 → Booking [userId=1, hotel=Hilton, date=2026-05-01]
Booking [userId=1, hotel=Hilton, date=2026-05-01]
Booking [userId=1, hotel=Hilton, date=2026-05-01]
Booking [userId=1, hotel=Hilton, date=2026-05-01]
Booking [userId=1, hotel=Hilton, date=2026-05-01]
Booking [userId=1, hotel=Hilton, date=2026-05-01]
Booking [userId=1, hotel=Hilton, date=2026-05-01]
Booking [userId=1, hotel=Hilton, date=2026-05-01]
Booking [userId=1, hotel=Almaty, date=2026-04-18]
Booking [userId=1, hotel=Almaty, date=2026-04-18]
Booking [userId=1, hotel=Almaty, date=2026-04-18]

2026-04-24 18:14:30 - GET_BOOKINGS 1 → Booking [userId=1, hotel=Hilton, date=2026-05-01]
Booking [userId=1, hotel=Hilton, date=2026-05-01]
Booking [userId=1, hotel=Hilton, date=2026-05-01]
Booking [userId=1, hotel=Hilton, date=2026-05-01]
Booking [userId=1, hotel=Hilton, date=2026-05-01]
Booking [userId=1, hotel=Hilton, date=2026-05-01]
Booking [userId=1, hotel=Hilton, date=2026-05-01]
Booking [userId=1, hotel=Hilton, date=2026-05-01]
Booking [userId=1, hotel=Almaty, date=2026-04-18]
Booking [userId=1, hotel=Almaty, date=2026-04-18]
Booking [userId=1, hotel=Almaty, date=2026-04-18]

2026-04-24 18:14:30 - GET_BOOKINGS 1 → Booking [userId=1, hotel=Hilton, date=2026-05-01]
Booking [userId=1, hotel=Hilton, date=2026-05-01]
Booking [userId=1, hotel=Hilton, date=2026-05-01]
Booking [userId=1, hotel=Hilton, date=2026-05-01]
Booking [userId=1, hotel=Hilton, date=2026-05-01]
Booking [userId=1, hotel=Hilton, date=2026-05-01]
Booking [userId=1, hotel=Hilton, date=2026-05-01]
Booking [userId=1, hotel=Hilton, date=2026-05-01]
Booking [userId=1, hotel=Almaty, date=2026-04-18]
Booking [userId=1, hotel=Almaty, date=2026-04-18]
Booking [userId=1, hotel=Almaty, date=2026-04-18]

2026-04-24 18:14:30 - GET_BOOKINGS 1 → Booking [userId=1, hotel=Hilton, date=2026-05-01]
Booking [userId=1, hotel=Hilton, date=2026-05-01]
Booking [userId=1, hotel=Hilton, date=2026-05-01]
Booking [userId=1, hotel=Hilton, date=2026-05-01]
Booking [userId=1, hotel=Hilton, date=2026-05-01]
Booking [userId=1, hotel=Hilton, date=2026-05-01]
Booking [userId=1, hotel=Hilton, date=2026-05-01]
Booking [userId=1, hotel=Hilton, date=2026-05-01]
Booking [userId=1, hotel=Almaty, date=2026-04-18]
Booking [userId=1, hotel=Almaty, date=2026-04-18]
Booking [userId=1, hotel=Almaty, date=2026-04-18]

2026-04-24 18:14:30 - GET_BOOKINGS 1 → Booking [userId=1, hotel=Hilton, date=2026-05-01]
Booking [userId=1, hotel=Hilton, date=2026-05-01]
Booking [userId=1, hotel=Hilton, date=2026-05-01]
Booking [userId=1, hotel=Hilton, date=2026-05-01]
Booking [userId=1, hotel=Hilton, date=2026-05-01]
Booking [userId=1, hotel=Hilton, date=2026-05-01]
Booking [userId=1, hotel=Hilton, date=2026-05-01]
Booking [userId=1, hotel=Hilton, date=2026-05-01]
Booking [userId=1, hotel=Almaty, date=2026-04-18]
Booking [userId=1, hotel=Almaty, date=2026-04-18]
Booking [userId=1, hotel=Almaty, date=2026-04-18]

2026-04-24 18:14:30 - GET_BOOKINGS 1 → Booking [userId=1, hotel=Hilton, date=2026-05-01]
Booking [userId=1, hotel=Hilton, date=2026-05-01]
Booking [userId=1, hotel=Hilton, date=2026-05-01]
Booking [userId=1, hotel=Hilton, date=2026-05-01]
Booking [userId=1, hotel=Hilton, date=2026-05-01]
Booking [userId=1, hotel=Hilton, date=2026-05-01]
Booking [userId=1, hotel=Hilton, date=2026-05-01]
Booking [userId=1, hotel=Hilton, date=2026-05-01]
Booking [userId=1, hotel=Almaty, date=2026-04-18]
Booking [userId=1, hotel=Almaty, date=2026-04-18]
Booking [userId=1, hotel=Almaty, date=2026-04-18]

2026-04-24 18:14:31 - GET_BOOKINGS 1 → Booking [userId=1, hotel=Hilton, date=2026-05-01]
Booking [userId=1, hotel=Hilton, date=2026-05-01]
Booking [userId=1, hotel=Hilton, date=2026-05-01]
Booking [userId=1, hotel=Hilton, date=2026-05-01]
Booking [userId=1, hotel=Hilton, date=2026-05-01]
Booking [userId=1, hotel=Hilton, date=2026-05-01]
Booking [userId=1, hotel=Hilton, date=2026-05-01]
Booking [userId=1, hotel=Hilton, date=2026-05-01]
Booking [userId=1, hotel=Almaty, date=2026-04-18]
Booking [userId=1, hotel=Almaty, date=2026-04-18]
Booking [userId=1, hotel=Almaty, date=2026-04-18]

2026-04-24 18:14:31 - GET_BOOKINGS 1 → Booking [userId=1, hotel=Hilton, date=2026-05-01]
Booking [userId=1, hotel=Hilton, date=2026-05-01]
Booking [userId=1, hotel=Hilton, date=2026-05-01]
Booking [userId=1, hotel=Hilton, date=2026-05-01]
Booking [userId=1, hotel=Hilton, date=2026-05-01]
Booking [userId=1, hotel=Hilton, date=2026-05-01]
Booking [userId=1, hotel=Hilton, date=2026-05-01]
Booking [userId=1, hotel=Hilton, date=2026-05-01]
Booking [userId=1, hotel=Almaty, date=2026-04-18]
Booking [userId=1, hotel=Almaty, date=2026-04-18]
Booking [userId=1, hotel=Almaty, date=2026-04-18]

2026-04-24 18:14:31 - GET_BOOKINGS 1 → Booking [userId=1, hotel=Hilton, date=2026-05-01]
Booking [userId=1, hotel=Hilton, date=2026-05-01]
Booking [userId=1, hotel=Hilton, date=2026-05-01]
Booking [userId=1, hotel=Hilton, date=2026-05-01]
Booking [userId=1, hotel=Hilton, date=2026-05-01]
Booking [userId=1, hotel=Hilton, date=2026-05-01]
Booking [userId=1, hotel=Hilton, date=2026-05-01]
Booking [userId=1, hotel=Hilton, date=2026-05-01]
Booking [userId=1, hotel=Almaty, date=2026-04-18]
Booking [userId=1, hotel=Almaty, date=2026-04-18]
Booking [userId=1, hotel=Almaty, date=2026-04-18]

2026-04-24 18:14:31 - GET_BOOKINGS 1 → Booking [userId=1, hotel=Hilton, date=2026-05-01]
Booking [userId=1, hotel=Hilton, date=2026-05-01]
Booking [userId=1, hotel=Hilton, date=2026-05-01]
Booking [userId=1, hotel=Hilton, date=2026-05-01]
Booking [userId=1, hotel=Hilton, date=2026-05-01]
Booking [userId=1, hotel=Hilton, date=2026-05-01]
Booking [userId=1, hotel=Hilton, date=2026-05-01]
Booking [userId=1, hotel=Hilton, date=2026-05-01]
Booking [userId=1, hotel=Almaty, date=2026-04-18]
Booking [userId=1, hotel=Almaty, date=2026-04-18]
Booking [userId=1, hotel=Almaty, date=2026-04-18]

2026-04-24 18:14:32 - GET_BOOKINGS 1 → Booking [userId=1, hotel=Hilton, date=2026-05-01]
Booking [userId=1, hotel=Hilton, date=2026-05-01]
Booking [userId=1, hotel=Hilton, date=2026-05-01]
Booking [userId=1, hotel=Hilton, date=2026-05-01]
Booking [userId=1, hotel=Hilton, date=2026-05-01]
Booking [userId=1, hotel=Hilton, date=2026-05-01]
Booking [userId=1, hotel=Hilton, date=2026-05-01]
Booking [userId=1, hotel=Hilton, date=2026-05-01]
Booking [userId=1, hotel=Almaty, date=2026-04-18]
Booking [userId=1, hotel=Almaty, date=2026-04-18]
Booking [userId=1, hotel=Almaty, date=2026-04-18]

2026-04-24 18:14:32 - GET_BOOKINGS 1 → Booking [userId=1, hotel=Hilton, date=2026-05-01]
Booking [userId=1, hotel=Hilton, date=2026-05-01]
Booking [userId=1, hotel=Hilton, date=2026-05-01]
Booking [userId=1, hotel=Hilton, date=2026-05-01]
Booking [userId=1, hotel=Hilton, date=2026-05-01]
Booking [userId=1, hotel=Hilton, date=2026-05-01]
Booking [userId=1, hotel=Hilton, date=2026-05-01]
Booking [userId=1, hotel=Hilton, date=2026-05-01]
Booking [userId=1, hotel=Almaty, date=2026-04-18]
Booking [userId=1, hotel=Almaty, date=2026-04-18]
Booking [userId=1, hotel=Almaty, date=2026-04-18]

2026-04-24 18:14:32 - GET_BOOKINGS 1 → Booking [userId=1, hotel=Hilton, date=2026-05-01]
Booking [userId=1, hotel=Hilton, date=2026-05-01]
Booking [userId=1, hotel=Hilton, date=2026-05-01]
Booking [userId=1, hotel=Hilton, date=2026-05-01]
Booking [userId=1, hotel=Hilton, date=2026-05-01]
Booking [userId=1, hotel=Hilton, date=2026-05-01]
Booking [userId=1, hotel=Hilton, date=2026-05-01]
Booking [userId=1, hotel=Hilton, date=2026-05-01]
Booking [userId=1, hotel=Almaty, date=2026-04-18]
Booking [userId=1, hotel=Almaty, date=2026-04-18]
Booking [userId=1, hotel=Almaty, date=2026-04-18]

2026-04-24 18:14:32 - GET_BOOKINGS 1 → Booking [userId=1, hotel=Hilton, date=2026-05-01]
Booking [userId=1, hotel=Hilton, date=2026-05-01]
Booking [userId=1, hotel=Hilton, date=2026-05-01]
Booking [userId=1, hotel=Hilton, date=2026-05-01]
Booking [userId=1, hotel=Hilton, date=2026-05-01]
Booking [userId=1, hotel=Hilton, date=2026-05-01]
Booking [userId=1, hotel=Hilton, date=2026-05-01]
Booking [userId=1, hotel=Hilton, date=2026-05-01]
Booking [userId=1, hotel=Almaty, date=2026-04-18]
Booking [userId=1, hotel=Almaty, date=2026-04-18]
Booking [userId=1, hotel=Almaty, date=2026-04-18]

2026-04-24 18:14:33 - GET_BOOKINGS 1 → Booking [userId=1, hotel=Hilton, date=2026-05-01]
Booking [userId=1, hotel=Hilton, date=2026-05-01]
Booking [userId=1, hotel=Hilton, date=2026-05-01]
Booking [userId=1, hotel=Hilton, date=2026-05-01]
Booking [userId=1, hotel=Hilton, date=2026-05-01]
Booking [userId=1, hotel=Hilton, date=2026-05-01]
Booking [userId=1, hotel=Hilton, date=2026-05-01]
Booking [userId=1, hotel=Hilton, date=2026-05-01]
Booking [userId=1, hotel=Almaty, date=2026-04-18]
Booking [userId=1, hotel=Almaty, date=2026-04-18]
Booking [userId=1, hotel=Almaty, date=2026-04-18]

2026-04-24 18:14:33 - GET_BOOKINGS 1 → Booking [userId=1, hotel=Hilton, date=2026-05-01]
Booking [userId=1, hotel=Hilton, date=2026-05-01]
Booking [userId=1, hotel=Hilton, date=2026-05-01]
Booking [userId=1, hotel=Hilton, date=2026-05-01]
Booking [userId=1, hotel=Hilton, date=2026-05-01]
Booking [userId=1, hotel=Hilton, date=2026-05-01]
Booking [userId=1, hotel=Hilton, date=2026-05-01]
Booking [userId=1, hotel=Hilton, date=2026-05-01]
Booking [userId=1, hotel=Almaty, date=2026-04-18]
Booking [userId=1, hotel=Almaty, date=2026-04-18]
Booking [userId=1, hotel=Almaty, date=2026-04-18]

2026-04-24 18:14:33 - GET_BOOKINGS 1 → Booking [userId=1, hotel=Hilton, date=2026-05-01]
Booking [userId=1, hotel=Hilton, date=2026-05-01]
Booking [userId=1, hotel=Hilton, date=2026-05-01]
Booking [userId=1, hotel=Hilton, date=2026-05-01]
Booking [userId=1, hotel=Hilton, date=2026-05-01]
Booking [userId=1, hotel=Hilton, date=2026-05-01]
Booking [userId=1, hotel=Hilton, date=2026-05-01]
Booking [userId=1, hotel=Hilton, date=2026-05-01]
Booking [userId=1, hotel=Almaty, date=2026-04-18]
Booking [userId=1, hotel=Almaty, date=2026-04-18]
Booking [userId=1, hotel=Almaty, date=2026-04-18]

2026-04-24 18:14:33 - GET_BOOKINGS 1 → Booking [userId=1, hotel=Hilton, date=2026-05-01]
Booking [userId=1, hotel=Hilton, date=2026-05-01]
Booking [userId=1, hotel=Hilton, date=2026-05-01]
Booking [userId=1, hotel=Hilton, date=2026-05-01]
Booking [userId=1, hotel=Hilton, date=2026-05-01]
Booking [userId=1, hotel=Hilton, date=2026-05-01]
Booking [userId=1, hotel=Hilton, date=2026-05-01]
Booking [userId=1, hotel=Hilton, date=2026-05-01]
Booking [userId=1, hotel=Almaty, date=2026-04-18]
Booking [userId=1, hotel=Almaty, date=2026-04-18]
Booking [userId=1, hotel=Almaty, date=2026-04-18]

2026-04-24 18:14:33 - GET_BOOKINGS 1 → Booking [userId=1, hotel=Hilton, date=2026-05-01]
Booking [userId=1, hotel=Hilton, date=2026-05-01]
Booking [userId=1, hotel=Hilton, date=2026-05-01]
Booking [userId=1, hotel=Hilton, date=2026-05-01]
Booking [userId=1, hotel=Hilton, date=2026-05-01]
Booking [userId=1, hotel=Hilton, date=2026-05-01]
Booking [userId=1, hotel=Hilton, date=2026-05-01]
Booking [userId=1, hotel=Hilton, date=2026-05-01]
Booking [userId=1, hotel=Almaty, date=2026-04-18]
Booking [userId=1, hotel=Almaty, date=2026-04-18]
Booking [userId=1, hotel=Almaty, date=2026-04-18]

2026-04-24 18:14:34 - GET_BOOKINGS 1 → Booking [userId=1, hotel=Hilton, date=2026-05-01]
Booking [userId=1, hotel=Hilton, date=2026-05-01]
Booking [userId=1, hotel=Hilton, date=2026-05-01]
Booking [userId=1, hotel=Hilton, date=2026-05-01]
Booking [userId=1, hotel=Hilton, date=2026-05-01]
Booking [userId=1, hotel=Hilton, date=2026-05-01]
Booking [userId=1, hotel=Hilton, date=2026-05-01]
Booking [userId=1, hotel=Hilton, date=2026-05-01]
Booking [userId=1, hotel=Almaty, date=2026-04-18]
Booking [userId=1, hotel=Almaty, date=2026-04-18]
Booking [userId=1, hotel=Almaty, date=2026-04-18]

2026-04-24 18:14:34 - GET_BOOKINGS 1 → Booking [userId=1, hotel=Hilton, date=2026-05-01]
Booking [userId=1, hotel=Hilton, date=2026-05-01]
Booking [userId=1, hotel=Hilton, date=2026-05-01]
Booking [userId=1, hotel=Hilton, date=2026-05-01]
Booking [userId=1, hotel=Hilton, date=2026-05-01]
Booking [userId=1, hotel=Hilton, date=2026-05-01]
Booking [userId=1, hotel=Hilton, date=2026-05-01]
Booking [userId=1, hotel=Hilton, date=2026-05-01]
Booking [userId=1, hotel=Almaty, date=2026-04-18]
Booking [userId=1, hotel=Almaty, date=2026-04-18]
Booking [userId=1, hotel=Almaty, date=2026-04-18]

2026-04-24 18:14:34 - GET_BOOKINGS 1 → Booking [userId=1, hotel=Hilton, date=2026-05-01]
Booking [userId=1, hotel=Hilton, date=2026-05-01]
Booking [userId=1, hotel=Hilton, date=2026-05-01]
Booking [userId=1, hotel=Hilton, date=2026-05-01]
Booking [userId=1, hotel=Hilton, date=2026-05-01]
Booking [userId=1, hotel=Hilton, date=2026-05-01]
Booking [userId=1, hotel=Hilton, date=2026-05-01]
Booking [userId=1, hotel=Hilton, date=2026-05-01]
Booking [userId=1, hotel=Almaty, date=2026-04-18]
Booking [userId=1, hotel=Almaty, date=2026-04-18]
Booking [userId=1, hotel=Almaty, date=2026-04-18]

2026-04-24 18:14:34 - GET_BOOKINGS 1 → Booking [userId=1, hotel=Hilton, date=2026-05-01]
Booking [userId=1, hotel=Hilton, date=2026-05-01]
Booking [userId=1, hotel=Hilton, date=2026-05-01]
Booking [userId=1, hotel=Hilton, date=2026-05-01]
Booking [userId=1, hotel=Hilton, date=2026-05-01]
Booking [userId=1, hotel=Hilton, date=2026-05-01]
Booking [userId=1, hotel=Hilton, date=2026-05-01]
Booking [userId=1, hotel=Hilton, date=2026-05-01]
Booking [userId=1, hotel=Almaty, date=2026-04-18]
Booking [userId=1, hotel=Almaty, date=2026-04-18]
Booking [userId=1, hotel=Almaty, date=2026-04-18]

2026-04-24 18:14:35 - GET_BOOKINGS 1 → Booking [userId=1, hotel=Hilton, date=2026-05-01]
Booking [userId=1, hotel=Hilton, date=2026-05-01]
Booking [userId=1, hotel=Hilton, date=2026-05-01]
Booking [userId=1, hotel=Hilton, date=2026-05-01]
Booking [userId=1, hotel=Hilton, date=2026-05-01]
Booking [userId=1, hotel=Hilton, date=2026-05-01]
Booking [userId=1, hotel=Hilton, date=2026-05-01]
Booking [userId=1, hotel=Hilton, date=2026-05-01]
Booking [userId=1, hotel=Almaty, date=2026-04-18]
Booking [userId=1, hotel=Almaty, date=2026-04-18]
Booking [userId=1, hotel=Almaty, date=2026-04-18]

2026-04-24 18:14:35 - GET_BOOKINGS 1 → Booking [userId=1, hotel=Hilton, date=2026-05-01]
Booking [userId=1, hotel=Hilton, date=2026-05-01]
Booking [userId=1, hotel=Hilton, date=2026-05-01]
Booking [userId=1, hotel=Hilton, date=2026-05-01]
Booking [userId=1, hotel=Hilton, date=2026-05-01]
Booking [userId=1, hotel=Hilton, date=2026-05-01]
Booking [userId=1, hotel=Hilton, date=2026-05-01]
Booking [userId=1, hotel=Hilton, date=2026-05-01]
Booking [userId=1, hotel=Almaty, date=2026-04-18]
Booking [userId=1, hotel=Almaty, date=2026-04-18]
Booking [userId=1, hotel=Almaty, date=2026-04-18]

2026-04-24 18:14:35 - GET_BOOKINGS 1 → Booking [userId=1, hotel=Hilton, date=2026-05-01]
Booking [userId=1, hotel=Hilton, date=2026-05-01]
Booking [userId=1, hotel=Hilton, date=2026-05-01]
Booking [userId=1, hotel=Hilton, date=2026-05-01]
Booking [userId=1, hotel=Hilton, date=2026-05-01]
Booking [userId=1, hotel=Hilton, date=2026-05-01]
Booking [userId=1, hotel=Hilton, date=2026-05-01]
Booking [userId=1, hotel=Hilton, date=2026-05-01]
Booking [userId=1, hotel=Almaty, date=2026-04-18]
Booking [userId=1, hotel=Almaty, date=2026-04-18]
Booking [userId=1, hotel=Almaty, date=2026-04-18]

2026-04-24 18:14:35 - GET_BOOKINGS 1 → Booking [userId=1, hotel=Hilton, date=2026-05-01]
Booking [userId=1, hotel=Hilton, date=2026-05-01]
Booking [userId=1, hotel=Hilton, date=2026-05-01]
Booking [userId=1, hotel=Hilton, date=2026-05-01]
Booking [userId=1, hotel=Hilton, date=2026-05-01]
Booking [userId=1, hotel=Hilton, date=2026-05-01]
Booking [userId=1, hotel=Hilton, date=2026-05-01]
Booking [userId=1, hotel=Hilton, date=2026-05-01]
Booking [userId=1, hotel=Almaty, date=2026-04-18]
Booking [userId=1, hotel=Almaty, date=2026-04-18]
Booking [userId=1, hotel=Almaty, date=2026-04-18]

